<?xml version="1.0" encoding="UTF-8"?>
<!-- Generated by org.testng.reporters.JUnitReportReporter -->
<testsuite hostname="L-158032554" failures="0" tests="1" name="APIChaining.DeleteUser" time="0.767" errors="0" timestamp="2024-01-02T08:27:10 IST" skipped="0">
  <testcase classname="APIChaining.DeleteUser" name="testDeleteUser" time="0.767"/>
</testsuite> <!-- APIChaining.DeleteUser -->
