<?xml version="1.0" encoding="UTF-8"?>
<!-- Generated by org.testng.reporters.JUnitReportReporter -->
<testsuite hostname="L-158032554" failures="0" tests="1" name="Authentications.GenerateDummyDataFaker" time="0.640" errors="0" timestamp="2023-12-31T11:49:20 IST" skipped="0">
  <testcase classname="Authentications.GenerateDummyDataFaker" name="testGenerateDummyData" time="0.640"/>
</testsuite> <!-- Authentications.GenerateDummyDataFaker -->
