<?xml version="1.0" encoding="UTF-8"?>
<!-- Generated by org.testng.reporters.JUnitReportReporter -->
<testsuite hostname="L-158032554" failures="0" tests="1" name="APIChaining.GetUser" time="1.742" errors="0" timestamp="2024-01-02T08:27:10 IST" skipped="0">
  <testcase classname="APIChaining.GetUser" name="testGetUser" time="1.742"/>
</testsuite> <!-- APIChaining.GetUser -->
