<?xml version="1.0" encoding="UTF-8"?>
<!-- Generated by org.testng.reporters.JUnitReportReporter -->
<testsuite hostname="L-158032554" failures="0" tests="6" name="api.test.DataDrivenTests" time="4.628" errors="0" timestamp="2024-01-05T14:44:08 IST" skipped="0">
  <testcase classname="api.test.DataDrivenTests" name="testPostuser" time="0.366"/>
  <testcase classname="api.test.DataDrivenTests" name="testPostuser" time="2.828"/>
  <testcase classname="api.test.DataDrivenTests" name="testPostuser" time="0.328"/>
  <testcase classname="api.test.DataDrivenTests" name="testDeleteUserByName" time="0.327"/>
  <testcase classname="api.test.DataDrivenTests" name="testDeleteUserByName" time="0.362"/>
  <testcase classname="api.test.DataDrivenTests" name="testDeleteUserByName" time="0.417"/>
</testsuite> <!-- api.test.DataDrivenTests -->
