<?xml version="1.0" encoding="UTF-8"?>
<!-- Generated by org.testng.reporters.JUnitReportReporter -->
<testsuite hostname="L-158032554" failures="0" tests="1" name="Parameters.Headers" time="4.121" errors="0" timestamp="2023-12-23T22:30:11 IST" skipped="0">
  <testcase classname="Parameters.Headers" name="getHeaders" time="4.121"/>
</testsuite> <!-- Parameters.Headers -->
