<?xml version="1.0" encoding="UTF-8"?>
<!-- Generated by org.testng.reporters.JUnitReportReporter -->
<testsuite hostname="L-158032554" failures="0" tests="4" name="api.test.UserTests2" time="7.712" errors="0" timestamp="2024-01-05T21:55:50 IST" skipped="0">
  <testcase classname="api.test.UserTests2" name="testPostUser" time="5.839"/>
  <testcase classname="api.test.UserTests2" name="testGetUserByName" time="0.543"/>
  <testcase classname="api.test.UserTests2" name="testUpdateUserByName" time="0.997"/>
  <testcase classname="api.test.UserTests2" name="testDeleteUserByName" time="0.333"/>
</testsuite> <!-- api.test.UserTests2 -->
