<?xml version="1.0" encoding="UTF-8"?>
<!-- Generated by org.testng.reporters.JUnitReportReporter -->
<testsuite hostname="L-158032554" failures="0" tests="1" name="Authentications.APIKeyAuthentication" time="3.892" errors="0" timestamp="2023-12-31T12:00:06 IST" skipped="0">
  <testcase classname="Authentications.APIKeyAuthentication" name="testAPIKeyAuthertication2" time="3.892"/>
</testsuite> <!-- Authentications.APIKeyAuthentication -->
