<?xml version="1.0" encoding="UTF-8"?>
<!-- Generated by org.testng.reporters.JUnitReportReporter -->
<testsuite hostname="L-158032554" failures="0" tests="1" name="Parameters.Logging" time="4.737" errors="0" timestamp="2023-12-23T22:41:54 IST" skipped="0">
  <testcase classname="Parameters.Logging" name="Logs" time="4.737"/>
</testsuite> <!-- Parameters.Logging -->
