<?xml version="1.0" encoding="UTF-8"?>
<!-- Generated by org.testng.reporters.JUnitReportReporter -->
<testsuite hostname="L-158032554" failures="0" tests="1" name="Parameters.CookiesDemo" time="4.502" errors="0" timestamp="2023-12-23T21:51:11 IST" skipped="0">
  <testcase classname="Parameters.CookiesDemo" name="getCookiesInfo" time="4.502"/>
</testsuite> <!-- Parameters.CookiesDemo -->
