<?xml version="1.0" encoding="UTF-8"?>
<!-- Generated by org.testng.reporters.JUnitReportReporter -->
<testsuite hostname="L-158032554" failures="0" tests="1" name="ParsingResponse.ParsingXMLResponse" time="4.694" errors="0" timestamp="2023-12-29T15:31:22 IST" skipped="0">
  <testcase classname="ParsingResponse.ParsingXMLResponse" name="testXMLResponseBody" time="4.694"/>
</testsuite> <!-- ParsingResponse.ParsingXMLResponse -->
