<?xml version="1.0" encoding="UTF-8"?>
<!-- Generated by org.testng.reporters.JUnitReportReporter -->
<testsuite hostname="L-158032554" failures="0" tests="4" name="HTTPMethods.HTTPRequests" time="54.562" errors="0" timestamp="2024-01-13T19:40:15 IST" skipped="0">
  <testcase classname="HTTPMethods.HTTPRequests" name="getUsers" time="21.063"/>
  <testcase classname="HTTPMethods.HTTPRequests" name="createUser" time="4.550"/>
  <testcase classname="HTTPMethods.HTTPRequests" name="updateUser" time="21.606"/>
  <testcase classname="HTTPMethods.HTTPRequests" name="deleteUser" time="7.343"/>
</testsuite> <!-- HTTPMethods.HTTPRequests -->
