<?xml version="1.0" encoding="UTF-8"?>
<!-- Generated by org.testng.reporters.JUnitReportReporter -->
<testsuite hostname="L-158032554" failures="0" tests="1" name="Parameters.PathAndQueryParameter" time="5.304" errors="0" timestamp="2023-12-22T17:16:44 IST" skipped="0">
  <testcase classname="Parameters.PathAndQueryParameter" name="testQueryAndPathParameter" time="5.304"/>
</testsuite> <!-- Parameters.PathAndQueryParameter -->
