<?xml version="1.0" encoding="UTF-8"?>
<!-- Generated by org.testng.reporters.JUnitReportReporter -->
<testsuite hostname="L-158032554" failures="0" tests="4" name="api.test.UserTests" time="8.832" errors="0" timestamp="2024-01-05T20:54:16 IST" skipped="0">
  <testcase classname="api.test.UserTests" name="testPostUser" time="7.023"/>
  <testcase classname="api.test.UserTests" name="testGetUserByName" time="0.486"/>
  <testcase classname="api.test.UserTests" name="testUpdateUserByName" time="0.930"/>
  <testcase classname="api.test.UserTests" name="testDeleteUserByName" time="0.393"/>
</testsuite> <!-- api.test.UserTests -->
