<?xml version="1.0" encoding="UTF-8"?>
<!-- Generated by org.testng.reporters.JUnitReportReporter -->
<testsuite hostname="L-158032554" failures="0" tests="3" name="Authentications.Authentication" time="11.061" errors="0" timestamp="2023-12-30T15:24:30 IST" skipped="0">
  <testcase classname="Authentications.Authentication" name="testBasicAuthentication" time="6.693"/>
  <testcase classname="Authentications.Authentication" name="testDigestAuthentication" time="3.181"/>
  <testcase classname="Authentications.Authentication" name="testPreemptiveAuthentication" time="1.187"/>
</testsuite> <!-- Authentications.Authentication -->
